linux-headers
pipewire
pipewire-alsa
pipewire-audio
pipewire-jack
pipewire-pulse
wireplumber
networkmanager
network-manager-applet
bluez
blueman
qt5ct
qt5-wayland
qt5-quickcontrols
qt5-quickcontrols2
qt5-graphicaleffects
qt6-5compat
qt6ct
qt6-wayland
qt6-base
qt6-declarative
qt6-imageformats
qt6-shadertools
qt6-svg
qt6-translations
xfce-polkit
xdg-desktop-portal-hyprland
sddm
hyprland
dunst
rofi
waybar
hyprpaper
hyprlock
grim
slurp
swappy
cliphist
wl-clipboard
jq
libnotify
playerctl
pacman-contrib
reflector
pavucontrol
pamixer
kvantum
vivaldi
btop
alacritty
nano
zsh
lsd
fzf
7zip
qbittorrent
telegram-desktop
ttf-nerd-fonts-symbols-mono
tela-circle-icon-theme-black
mesa
lib32-mesa
vulkan-radeon
lib32-vulkan-radeon
libva-mesa-driver
lib32-libva-mesa-driver
mesa-vdpau
lib32-mesa-vdpau
ntfs-3g
